<?xml version="1.0" encoding="UTF-8"?>
<!-- Generated by org.testng.reporters.JUnitXMLReporter -->
<testsuite hostname="C02LPKGYFH00" ignored="0" tests="5" failures="0" timestamp="18 Dec 2019 15:05:37 GMT" time="18.253" errors="0">
  <testcase name="googleFeelingLuckyButtonTest" time="0.494" classname="GoogleSearchTest"/>
  <testcase name="googleSearchBox" time="0.253" classname="GoogleSearchTest"/>
  <testcase name="googleSearchButtonTest" time="0.44" classname="GoogleSearchTest"/>
  <testcase name="googleTitleTest" time="0.048" classname="GoogleSearchTest"/>
  <testcase name="googleUrlTest" time="0.054" classname="GoogleSearchTest"/>
</testsuite>
