<?xml version="1.0" encoding="UTF-8"?>
<!-- Generated by org.testng.reporters.JUnitXMLReporter -->
<testsuite hostname="C02LPKGYFH00" ignored="0" tests="5" failures="0" timestamp="18 Dec 2019 15:05:28 GMT" time="9.128" errors="0">
  <testcase name="googleFeelingLuckyButtonTest" time="0.138" classname="GoogleSearchTest"/>
  <testcase name="googleSearchBox" time="0.166" classname="GoogleSearchTest"/>
  <testcase name="googleSearchButtonTest" time="0.128" classname="GoogleSearchTest"/>
  <testcase name="googleTitleTest" time="0.027" classname="GoogleSearchTest"/>
  <testcase name="googleUrlTest" time="0.02" classname="GoogleSearchTest"/>
</testsuite>
